0 silly argv { _: [ 'version' ], lernaVersion: '3.20.2', '$0': 'lerna' }
1 notice cli v3.20.2
2 verbose rootPath /Users/mac126/Desktop/mono-registry
3 info versioning independent
4 silly isAnythingCommitted
5 verbose isAnythingCommitted 1
6 silly currentBranch
7 verbose currentBranch master
8 silly remoteBranchExists
9 silly isBehindUpstream
10 silly isBehindUpstream master is behind origin/master by 0 commit(s) and ahead by 14
11 silly hasTags
12 verbose hasTags false
13 info Assuming all packages changed
14 verbose updated @aclink/hooks
15 verbose updated @aclink/test
16 verbose git-describe undefined => "722dad3"
17 silly git-describe parsed => {"refCount":"19","sha":"722dad3","isDirty":false}
18 silly independent for @aclink/hooks at /Users/mac126/Desktop/mono-registry/packages/hooks
19 verbose getChangelogConfig using preset "conventional-changelog-angular"
20 silly npa Result {
20 silly npa   type: 'tag',
20 silly npa   registry: true,
20 silly npa   where: undefined,
20 silly npa   raw: 'conventional-changelog-angular',
20 silly npa   name: 'conventional-changelog-angular',
20 silly npa   escapedName: 'conventional-changelog-angular',
20 silly npa   scope: undefined,
20 silly npa   rawSpec: '',
20 silly npa   saveSpec: null,
20 silly npa   fetchSpec: 'latest',
20 silly npa   gitRange: undefined,
20 silly npa   gitCommittish: undefined,
20 silly npa   hosted: undefined
20 silly npa }
21 verbose getChangelogConfig Attempting to resolve preset "conventional-changelog-angular"
22 info getChangelogConfig Successfully resolved preset "conventional-changelog-angular"
23 verbose independent increment 1.0.1 by patch
24 silly independent for @aclink/test at /Users/mac126/Desktop/mono-registry/packages/utils
25 verbose independent increment 1.0.3 by minor
26 info execute Skipping releases
27 silly lifecycle No script for "preversion" in "mono-registry", continuing
28 silly lifecycle No script for "preversion" in "@aclink/hooks", continuing
29 silly lifecycle No script for "preversion" in "@aclink/test", continuing
30 silly lifecycle No script for "version" in "@aclink/test", continuing
31 silly independent for @aclink/test at /Users/mac126/Desktop/mono-registry/packages/utils
32 silly lifecycle No script for "version" in "@aclink/hooks", continuing
33 silly independent for @aclink/hooks at /Users/mac126/Desktop/mono-registry/packages/hooks
34 silly independent writing new entry: "# 1.1.0 (2020-04-29)\n\n\n### Features\n\n* jl ([0c2b348](http://10.1.1.217/ruimin.chen/ehome-aclink-utils/commits/0c2b348e215f75ce1d5561b69ceb459cdba6c521))\n* test ([da1c7b4](http://10.1.1.217/ruimin.chen/ehome-aclink-utils/commits/da1c7b4fa64031439a8ef85936c02e743cea59b5))\n\n\n\n"
35 silly independent writing new entry: "## 1.0.2 (2020-04-29)\n\n**Note:** Version bump only for package @aclink/hooks\n\n\n\n"
36 verbose independent wrote /Users/mac126/Desktop/mono-registry/packages/utils/CHANGELOG.md
37 verbose independent wrote /Users/mac126/Desktop/mono-registry/packages/hooks/CHANGELOG.md
38 silly lifecycle No script for "version" in "mono-registry", continuing
39 silly gitAdd [
39 silly gitAdd   '/Users/mac126/Desktop/mono-registry/packages/utils/package.json',
39 silly gitAdd   '/Users/mac126/Desktop/mono-registry/packages/hooks/package.json',
39 silly gitAdd   '/Users/mac126/Desktop/mono-registry/packages/utils/CHANGELOG.md',
39 silly gitAdd   '/Users/mac126/Desktop/mono-registry/packages/hooks/CHANGELOG.md'
39 silly gitAdd ]
40 silly gitCommit Publish
40 silly gitCommit
40 silly gitCommit  - @aclink/hooks@1.0.2
40 silly gitCommit  - @aclink/test@1.1.0
41 verbose git [
41 verbose git   'commit',
41 verbose git   '-F',
41 verbose git   '/private/var/folders/xl/5h4m37_n34b2xnc4gxq3z8r80000gn/T/b813636a-1f0c-41f2-a576-7ea577028be7/lerna-commit.txt'
41 verbose git ]
42 error Error: Command failed: git commit -F /private/var/folders/xl/5h4m37_n34b2xnc4gxq3z8r80000gn/T/b813636a-1f0c-41f2-a576-7ea577028be7/lerna-commit.txt
42 error husky > pre-commit (node v12.14.1)
42 error ❯ Preparing...
42 error ✔ Preparing...
42 error ❯ Running tasks...
42 error ❯ Running tasks for ./packages/**/*.{js,jsx,ts,tsx,json,css,less,md}
42 error ❯ Running tasks for ./packages/**/*.{js,jsx,ts,tsx}
42 error ❯ prettier --write
42 error ✔ prettier --write
42 error ✔ Running tasks for ./packages/**/*.{js,jsx,ts,tsx,json,css,less,md}
42 error ✔ Running tasks...
42 error ❯ Applying modifications...
42 error ✔ Applying modifications...
42 error ❯ Cleaning up...
42 error ✔ Cleaning up...
42 error husky > commit-msg (node v12.14.1)
42 error ⧗   input: Publish
42 error
42 error  - @aclink/hooks@1.0.2
42 error  - @aclink/test@1.1.0
42 error ✖   subject may not be empty [subject-empty]
42 error ✖   type may not be empty [type-empty]
42 error
42 error ✖   found 2 problems, 0 warnings
42 error ⓘ   Get help: https://github.com/conventional-changelog/commitlint/#what-is-commitlint
42 error
42 error husky > commit-msg hook failed (add --no-verify to bypass)
42 error
42 error     at makeError (/Users/mac126/Desktop/mono-registry/node_modules/@lerna/child-process/node_modules/execa/index.js:174:9)
42 error     at /Users/mac126/Desktop/mono-registry/node_modules/@lerna/child-process/node_modules/execa/index.js:278:16
42 error     at processTicksAndRejections (internal/process/task_queues.js:94:5)
